<?xml version="1.0" encoding="UTF-8"?>
<!-- Generated by org.testng.reporters.JUnitReportReporter -->
<testsuite hostname="LAPTOP-OOUS1A74" failures="0" tests="2" name="com.cognizant.practice.Test1" time="0.010" errors="0" timestamp="2025-10-07T08:18:24 IST" skipped="0">
  <testcase classname="com.cognizant.practice.Test1" name="testpractice1" time="0.009"/>
  <testcase classname="com.cognizant.practice.Test1" name="testpractice2" time="0.001"/>
</testsuite> <!-- com.cognizant.practice.Test1 -->
